<?xml version="1.0" encoding="UTF-8"?>
<!-- Generated by org.testng.reporters.JUnitXMLReporter -->
<testsuite hostname="UziMac.local" name="GherkinTest" tests="2" failures="0" timestamp="21 Oct 2016 17:42:49 GMT" time="53.104" errors="0">
  <testcase name="amtrak - find station" time="23.769" classname="com.qmetry.qaf.automation.step.client.Scenario"/>
  <testcase name="amtrak - buy ticket" time="53.074" classname="com.qmetry.qaf.automation.step.client.Scenario">
    <skipped/>
  </testcase> <!-- amtrak - buy ticket -->
</testsuite> <!-- GherkinTest -->
