<?xml version="1.0" encoding="UTF-8"?>
<!-- Generated by org.testng.reporters.JUnitXMLReporter -->
<testsuite hostname="UziMac.local" name="GherkinTest" tests="2" failures="0" timestamp="20 Oct 2016 18:56:50 GMT" time="64.879" errors="0">
  <testcase name="amtrak - find station" time="19.985" classname="com.qmetry.qaf.automation.step.client.Scenario"/>
  <testcase name="amtrak - buy ticket" time="64.806" classname="com.qmetry.qaf.automation.step.client.Scenario"/>
</testsuite> <!-- GherkinTest -->
